<?xml version="1.0" encoding="UTF-8"?>
<!-- Generated by org.testng.reporters.JUnitReportReporter -->
<testsuite skipped="0" hostname="DESKTOP-T4AOKQD" name="Practise.webAutomation" tests="1" failures="0" timestamp="2020-06-12T16:39:16 IST" time="43.571" errors="0">
  <testcase name="main" time="43.571" classname="Practise.webAutomation"/>
  <system-out/>
</testsuite> <!-- Practise.webAutomation -->
