<?xml version="1.0" encoding="UTF-8"?>
<!-- Generated by org.testng.reporters.JUnitReportReporter -->
<testsuite skipped="0" hostname="DESKTOP-T4AOKQD" name="week3.ParallelExcecution2" tests="1" failures="0" timestamp="2020-06-13T11:12:42 IST" time="33.665" errors="0">
  <testcase name="run" time="33.665" classname="week3.ParallelExcecution2"/>
  <system-out/>
</testsuite> <!-- week3.ParallelExcecution2 -->
