<?xml version="1.0" encoding="UTF-8"?>
<!-- Generated by org.testng.reporters.JUnitReportReporter -->
<testsuite skipped="0" hostname="DESKTOP-T4AOKQD" name="week2.LearnActions" tests="1" failures="0" timestamp="2020-06-06T12:23:37 IST" time="14.514" errors="0">
  <testcase name="runMultiTouch" time="14.514" classname="week2.LearnActions"/>
  <system-out/>
</testsuite> <!-- week2.LearnActions -->
